<?xml version="1.0" encoding="UTF-8" ?>
<testsuite errors="0" failures="0" hostname="LAPTOP-AMHNQFLJ" name="ToDoListTest" skipped="0" tests="4" time="0.123" timestamp="2020-10-17T16:26:08">
  <properties>
    <property name="ant.library.dir" value="C:\Users\PML\.p2\pool\plugins\org.apache.ant_1.10.8.v20200515-1239\lib" />
    <property name="env.NUMBER_OF_PROCESSORS" value="4" />
    <property name="env.USERPROFILE" value="C:\Users\PML" />
    <property name="java.specification.version" value="14" />
    <property name="ant.project.name" value="TodoList" />
    <property name="sun.cpu.isalist" value="amd64" />
    <property name="sun.jnu.encoding" value="Cp1252" />
    <property name="sun.arch.data.model" value="64" />
    <property name="debuglevel" value="source,lines,vars" />
    <property name="env.FPS_BROWSER_APP_PROFILE_STRING" value="Internet Explorer" />
    <property name="env.CommonProgramW6432" value="C:\Program Files\Common Files" />
    <property name="java.vendor.url" value="https://java.oracle.com/" />
    <property name="env.OS" value="Windows_NT" />
    <property name="sun.boot.library.path" value="C:\Users\PML\.p2\pool\plugins\org.eclipse.justj.openjdk.hotspot.jre.full.win32.x86_64_14.0.2.v20200815-0932\jre\bin" />
    <property name="sun.java.command" value="org.apache.tools.ant.taskdefs.optional.junit.JUnitTestRunner ToDoListTest skipNonTests=false filtertrace=true haltOnError=false haltOnFailure=false formatter=org.apache.tools.ant.taskdefs.optional.junit.OutErrSummaryJUnitResultFormatter showoutput=false outputtoformatters=true logfailedtests=true threadid=0 logtestlistenerevents=false formatter=org.apache.tools.ant.taskdefs.optional.junit.XMLJUnitResultFormatter,C:\Users\PML\git\Ind\repository\TodoList\lib\TEST-ToDoListTest.xml crashfile=C:\Users\PML\git\Ind\repository\TodoList\junitvmwatcher14845003751530944928.properties propsfile=C:\Users\PML\git\Ind\repository\TodoList\junit12916251954304250391.properties" />
    <property name="jdk.debug" value="release" />
    <property name="env.ComSpec" value="C:\WINDOWS\system32\cmd.exe" />
    <property name="java.specification.vendor" value="Oracle Corporation" />
    <property name="java.version.date" value="2020-07-14" />
    <property name="env.OneDriveCommercial" value="C:\Users\PML\OneDrive - National University of Singapore" />
    <property name="java.home" value="C:\Users\PML\.p2\pool\plugins\org.eclipse.justj.openjdk.hotspot.jre.full.win32.x86_64_14.0.2.v20200815-0932\jre" />
    <property name="file.separator" value="\" />
    <property name="basedir" value="C:\Users\PML\git\Ind\repository\TodoList" />
    <property name="env.ProgramFiles" value="C:\Program Files" />
    <property name="ant.file.TodoList" value="C:\Users\PML\git\Ind\repository\TodoList\build.xml" />
    <property name="java.vm.compressedOopsMode" value="32-bit" />
    <property name="env.Classpath" value="C:\LINGO17\Lingo17.jar" />
    <property name="line.separator" value="&#xd;&#xa;" />
    <property name="env.PROMPT" value="$P$G" />
    <property name="java.vm.specification.vendor" value="Oracle Corporation" />
    <property name="java.specification.name" value="Java Platform API Specification" />
    <property name="env.CPLEX_STUDIO_BINARIES128" value="C:\Program Files\IBM\ILOG\CPLEX_Studio_Community128\opl\bin\x64_win64;C:\Program Files\IBM\ILOG\CPLEX_Studio_Community128\opl\oplide\;C:\Program Files\IBM\ILOG\CPLEX_Studio_Community128\cplex\bin\x64_win64;C:\Program Files\IBM\ILOG\CPLEX_Studio_Community128\cpoptimizer\bin\x64_win64" />
    <property name="env.LOCALAPPDATA" value="C:\Users\PML\AppData\Local" />
    <property name="env.USERDOMAIN_ROAMINGPROFILE" value="LAPTOP-AMHNQFLJ" />
    <property name="env.PROCESSOR_REVISION" value="4e03" />
    <property name="env.PSModulePath" value="C:\Program Files\WindowsPowerShell\Modules;C:\WINDOWS\system32\WindowsPowerShell\v1.0\Modules;C:\Program Files (x86)\Microsoft SQL Server\120\Tools\PowerShell\Modules\" />
    <property name="user.script" value="" />
    <property name="sun.management.compiler" value="HotSpot 64-Bit Tiered Compilers" />
    <property name="env.PROCESSOR_IDENTIFIER" value="Intel64 Family 6 Model 78 Stepping 3, GenuineIntel" />
    <property name="java.runtime.version" value="14.0.2+12-46" />
    <property name="user.name" value="PML" />
    <property name="env.ProgramW6432" value="C:\Program Files" />
    <property name="env.DriverData" value="C:\Windows\System32\Drivers\DriverData" />
    <property name="env.CommonProgramFiles" value="C:\Program Files\Common Files" />
    <property name="env.PUBLIC" value="C:\Users\Public" />
    <property name="file.encoding" value="Cp1252" />
    <property name="env.COMPUTERNAME" value="LAPTOP-AMHNQFLJ" />
    <property name="env.HOMEPATH" value="\Users\PML" />
    <property name="env.APPDATA" value="C:\Users\PML\AppData\Roaming" />
    <property name="env.SystemDrive" value="C:" />
    <property name="env.ProgramData" value="C:\ProgramData" />
    <property name="env.VBOX_MSI_INSTALL_PATH" value="C:\Program Files\Oracle\VirtualBox\" />
    <property name="java.io.tmpdir" value="C:\Users\PML\AppData\Local\Temp\" />
    <property name="java.version" value="14.0.2" />
    <property name="env.PROCESSOR_LEVEL" value="6" />
    <property name="env.HOMEDRIVE" value="C:" />
    <property name="env.Path" value="C:/Users/PML/.p2/pool/plugins/org.eclipse.justj.openjdk.hotspot.jre.full.win32.x86_64_14.0.2.v20200815-0932/jre/bin/server;C:/Users/PML/.p2/pool/plugins/org.eclipse.justj.openjdk.hotspot.jre.full.win32.x86_64_14.0.2.v20200815-0932/jre/bin;C:\Program Files (x86)\Common Files\Oracle\Java\javapath;C:\ProgramData\Anaconda3;C:\ProgramData\Anaconda3\Library\mingw-w64\bin;C:\ProgramData\Anaconda3\Library\usr\bin;C:\ProgramData\Anaconda3\Library\bin;C:\ProgramData\Anaconda3\Scripts;C:\Program Files\IBM\ILOG\CPLEX_Studio_Community128\opl\bin\x64_win64;C:\Program Files\IBM\ILOG\CPLEX_Studio_Community128\opl\oplide\;C:\Program Files\IBM\ILOG\CPLEX_Studio_Community128\cplex\bin\x64_win64;C:\Program Files\IBM\ILOG\CPLEX_Studio_Community128\cpoptimizer\bin\x64_win64;C:\Perl64\site\bin;C:\Perl64\bin;C:\Program Files (x86)\Intel\iCLS Client\;C:\Program Files\Intel\iCLS Client\;C:\WINDOWS\system32;C:\WINDOWS;C:\WINDOWS\System32\Wbem;C:\WINDOWS\System32\WindowsPowerShell\v1.0\;C:\Program Files (x86)\Common Files\Roxio Shared\DLLShared\;C:\Program Files (x86)\Common Files\Roxio Shared\OEM\12.0\DLLShared\;C:\Program Files (x86)\Roxio 2010\OEM\AudioCore\;C:\Program Files (x86)\Intel\Intel(R) Management Engine Components\DAL;C:\Program Files\Intel\Intel(R) Management Engine Components\DAL;C:\Program Files (x86)\Intel\Intel(R) Management Engine Components\IPT;C:\Program Files\Intel\Intel(R) Management Engine Components\IPT;C:\Program Files\Intel\WiFi\bin\;C:\Program Files\Common Files\Intel\WirelessCommon\;C:\Program Files\MATLAB\R2017a\bin;C:\Program Files\Microsoft SQL Server\Client SDK\ODBC\110\Tools\Binn\;C:\Program Files (x86)\Microsoft SQL Server\120\Tools\Binn\;C:\Program Files\Microsoft SQL Server\120\Tools\Binn\;C:\Program Files\Microsoft SQL Server\120\DTS\Binn\;C:\Program Files (x86)\Microsoft SQL Server\120\Tools\Binn\ManagementStudio\;C:\Program Files (x86)\Microsoft SQL Server\120\DTS\Binn\;C:\Program Files (x86)\Pandoc\;C:\Program Files\jEdit;C:\LINGO17\;C:\WINDOWS\System32\OpenSSH\;C:\Users\PML\Documents\chromedriver\;C:\Program Files\Sierra Wireless Inc\Skylight\;C:\Program Files\Sierra Wireless Inc\Common\;C:\Perl64\site\bin;C:\Perl64\bin;C:\ProgramData\Oracle\Java\javapath;C:\Program Files (x86)\Intel\iCLS Client\;C:\Program Files\Intel\iCLS Client\;C:\WINDOWS\system32;C:\WINDOWS;C:\WINDOWS\System32\Wbem;C:\WINDOWS\System32\WindowsPowerShell\v1.0\;C:\Program Files (x86)\Common Files\Roxio Shared\DLLShared\;C:\Program Files (x86)\Common Files\Roxio Shared\OEM\12.0\DLLShared\;C:\Program Files (x86)\Roxio 2010\OEM\AudioCore\;C:\Program Files (x86)\Intel\Intel(R) Management Engine Components\DAL;C:\Program Files\Intel\Intel(R) Management Engine Components\DAL;C:\Program Files (x86)\Intel\Intel(R) Management Engine Components\IPT;C:\Program Files\Intel\Intel(R) Management Engine Components\IPT;C:\Program Files\Intel\WiFi\bin\;C:\Program Files\Common Files\Intel\WirelessCommon\;C:\Program Files\MATLAB\R2017a\bin;C:\Program Files\Microsoft SQL Server\Client SDK\ODBC\110\Tools\Binn\;C:\Program Files (x86)\Microsoft SQL Server\1;C:\Users\PML\AppData\Local\Microsoft\WindowsApps;C:\Users\PML\AppData\Local\Programs\Microsoft VS Code\bin;C:\Users\PML\Documents\chromedriver;;C:\WINDOWS\system32;" />
    <property name="env.TMP" value="C:\Users\PML\AppData\Local\Temp" />
    <property name="java.vm.specification.name" value="Java Virtual Machine Specification" />
    <property name="ant.home" value="C:\Users\PML\.p2\pool\plugins\org.apache.ant_1.10.8.v20200515-1239" />
    <property name="sun.os.patch.level" value="" />
    <property name="junit.output.dir" value="lib" />
    <property name="ant.version" value="Apache Ant(TM) version 1.10.8 compiled on May 10 2020" />
    <property name="java.library.path" value="C:\Users\PML\.p2\pool\plugins\org.eclipse.justj.openjdk.hotspot.jre.full.win32.x86_64_14.0.2.v20200815-0932\jre\bin;C:\WINDOWS\Sun\Java\bin;C:\WINDOWS\system32;C:\WINDOWS;C:/Users/PML/.p2/pool/plugins/org.eclipse.justj.openjdk.hotspot.jre.full.win32.x86_64_14.0.2.v20200815-0932/jre/bin/server;C:/Users/PML/.p2/pool/plugins/org.eclipse.justj.openjdk.hotspot.jre.full.win32.x86_64_14.0.2.v20200815-0932/jre/bin;C:\Program Files (x86)\Common Files\Oracle\Java\javapath;C:\ProgramData\Anaconda3;C:\ProgramData\Anaconda3\Library\mingw-w64\bin;C:\ProgramData\Anaconda3\Library\usr\bin;C:\ProgramData\Anaconda3\Library\bin;C:\ProgramData\Anaconda3\Scripts;C:\Program Files\IBM\ILOG\CPLEX_Studio_Community128\opl\bin\x64_win64;C:\Program Files\IBM\ILOG\CPLEX_Studio_Community128\opl\oplide\;C:\Program Files\IBM\ILOG\CPLEX_Studio_Community128\cplex\bin\x64_win64;C:\Program Files\IBM\ILOG\CPLEX_Studio_Community128\cpoptimizer\bin\x64_win64;C:\Perl64\site\bin;C:\Perl64\bin;C:\Program Files (x86)\Intel\iCLS Client\;C:\Program Files\Intel\iCLS Client\;C:\WINDOWS\system32;C:\WINDOWS;C:\WINDOWS\System32\Wbem;C:\WINDOWS\System32\WindowsPowerShell\v1.0\;C:\Program Files (x86)\Common Files\Roxio Shared\DLLShared\;C:\Program Files (x86)\Common Files\Roxio Shared\OEM\12.0\DLLShared\;C:\Program Files (x86)\Roxio 2010\OEM\AudioCore\;C:\Program Files (x86)\Intel\Intel(R) Management Engine Components\DAL;C:\Program Files\Intel\Intel(R) Management Engine Components\DAL;C:\Program Files (x86)\Intel\Intel(R) Management Engine Components\IPT;C:\Program Files\Intel\Intel(R) Management Engine Components\IPT;C:\Program Files\Intel\WiFi\bin\;C:\Program Files\Common Files\Intel\WirelessCommon\;C:\Program Files\MATLAB\R2017a\bin;C:\Program Files\Microsoft SQL Server\Client SDK\ODBC\110\Tools\Binn\;C:\Program Files (x86)\Microsoft SQL Server\120\Tools\Binn\;C:\Program Files\Microsoft SQL Server\120\Tools\Binn\;C:\Program Files\Microsoft SQL Server\120\DTS\Binn\;C:\Program Files (x86)\Microsoft SQL Server\120\Tools\Binn\ManagementStudio\;C:\Program Files (x86)\Microsoft SQL Server\120\DTS\Binn\;C:\Program Files (x86)\Pandoc\;C:\Program Files\jEdit;C:\LINGO17\;C:\WINDOWS\System32\OpenSSH\;C:\Users\PML\Documents\chromedriver\;C:\Program Files\Sierra Wireless Inc\Skylight\;C:\Program Files\Sierra Wireless Inc\Common\;C:\Perl64\site\bin;C:\Perl64\bin;C:\ProgramData\Oracle\Java\javapath;C:\Program Files (x86)\Intel\iCLS Client\;C:\Program Files\Intel\iCLS Client\;C:\WINDOWS\system32;C:\WINDOWS;C:\WINDOWS\System32\Wbem;C:\WINDOWS\System32\WindowsPowerShell\v1.0\;C:\Program Files (x86)\Common Files\Roxio Shared\DLLShared\;C:\Program Files (x86)\Common Files\Roxio Shared\OEM\12.0\DLLShared\;C:\Program Files (x86)\Roxio 2010\OEM\AudioCore\;C:\Program Files (x86)\Intel\Intel(R) Management Engine Components\DAL;C:\Program Files\Intel\Intel(R) Management Engine Components\DAL;C:\Program Files (x86)\Intel\Intel(R) Management Engine Components\IPT;C:\Program Files\Intel\Intel(R) Management Engine Components\IPT;C:\Program Files\Intel\WiFi\bin\;C:\Program Files\Common Files\Intel\WirelessCommon\;C:\Program Files\MATLAB\R2017a\bin;C:\Program Files\Microsoft SQL Server\Client SDK\ODBC\110\Tools\Binn\;C:\Program Files (x86)\Microsoft SQL Server\1;C:\Users\PML\AppData\Local\Microsoft\WindowsApps;C:\Users\PML\AppData\Local\Programs\Microsoft VS Code\bin;C:\Users\PML\Documents\chromedriver;;C:\WINDOWS\system32;;." />
    <property name="java.vendor" value="Oracle Corporation" />
    <property name="env.LOGONSERVER" value="\\LAPTOP-AMHNQFLJ" />
    <property name="sun.io.unicode.encoding" value="UnicodeLittle" />
    <property name="env.asl.log" value="Destination=file" />
    <property name="env.CPLEX_STUDIO_DIR128" value="C:\Program Files\IBM\ILOG\CPLEX_Studio_Community128" />
    <property name="java.class.path" value="C:\Users\PML\git\Ind\repository\TodoList\bin;C:\Users\PML\.p2\pool\plugins\org.junit_4.13.0.v20200204-1500.jar;C:\Users\PML\.p2\pool\plugins\org.hamcrest.core_1.3.0.v20180420-1519.jar;C:\Users\PML\.p2\pool\plugins\org.apache.ant_1.10.8.v20200515-1239\lib\ant-launcher.jar;C:\Users\PML\.p2\pool\plugins\org.apache.ant_1.10.8.v20200515-1239\lib\ant.jar;C:\Users\PML\.p2\pool\plugins\org.apache.ant_1.10.8.v20200515-1239\lib\ant-junit.jar;C:\Users\PML\.p2\pool\plugins\org.apache.ant_1.10.8.v20200515-1239\lib\ant-junit4.jar" />
    <property name="source" value="1.8" />
    <property name="java.vm.vendor" value="Oracle Corporation" />
    <property name="env.PROCESSOR_ARCHITECTURE" value="AMD64" />
    <property name="user.variant" value="" />
    <property name="ant.file.type.TodoList" value="file" />
    <property name="env.SystemRoot" value="C:\WINDOWS" />
    <property name="java.vm.specification.version" value="14" />
    <property name="os.name" value="Windows 10" />
    <property name="sun.java.launcher" value="SUN_STANDARD" />
    <property name="user.country" value="US" />
    <property name="env.RCAUTOPLAY" value="C:\Program Files (x86)\Roxio 2010\OEM\Roxio Central 5\" />
    <property name="env.USERDOMAIN" value="LAPTOP-AMHNQFLJ" />
    <property name="sun.cpu.endian" value="little" />
    <property name="user.home" value="C:\Users\PML" />
    <property name="user.language" value="en" />
    <property name="env.LINGO_17_HOME" value="C:\LINGO17\" />
    <property name="env.ALLUSERSPROFILE" value="C:\ProgramData" />
    <property name="ant.java.version" value="14" />
    <property name="env.SESSIONNAME" value="Console" />
    <property name="env.EMC_AUTOPLAY" value="C:\Program Files (x86)\Common Files\Roxio Shared\OEM\" />
    <property name="env.ANT_HOME" value="C:\Users\PML\.p2\pool\plugins\org.apache.ant_1.10.8.v20200515-1239" />
    <property name="env.windir" value="C:\WINDOWS" />
    <property name="ant.file" value="C:\Users\PML\git\Ind\repository\TodoList\build.xml" />
    <property name="path.separator" value=";" />
    <property name="os.version" value="10.0" />
    <property name="env.CommonProgramFiles(x86)" value="C:\Program Files (x86)\Common Files" />
    <property name="java.runtime.name" value="OpenJDK Runtime Environment" />
    <property name="env.PATHEXT" value=".COM;.EXE;.BAT;.CMD;.VBS;.VBE;.JS;.JSE;.WSF;.WSH;.MSC" />
    <property name="java.vm.name" value="OpenJDK 64-Bit Server VM" />
    <property name="ant.core.lib" value="C:\Users\PML\.p2\pool\plugins\org.apache.ant_1.10.8.v20200515-1239\lib\ant.jar" />
    <property name="java.vendor.url.bug" value="https://bugreport.java.com/bugreport/" />
    <property name="user.dir" value="C:\Users\PML\git\Ind\repository\TodoList" />
    <property name="os.arch" value="amd64" />
    <property name="env.USERNAME" value="PML" />
    <property name="target" value="1.8" />
    <property name="env.ProgramFiles(x86)" value="C:\Program Files (x86)" />
    <property name="java.vm.info" value="mixed mode" />
    <property name="java.vm.version" value="14.0.2+12-46" />
    <property name="env.FPS_BROWSER_USER_PROFILE_STRING" value="Default" />
    <property name="env.TEMP" value="C:\Users\PML\AppData\Local\Temp" />
    <property name="java.class.version" value="58.0" />
    <property name="env.OneDrive" value="C:\Users\PML\OneDrive - National University of Singapore" />
    <property name="ant.project.default-target" value="build" />
  </properties>
  <testcase classname="ToDoListTest" name="testAddTask" time="0.004" />
  <testcase classname="ToDoListTest" name="testGetCompletedTasks" time="0.0" />
  <testcase classname="ToDoListTest" name="testgetStatus" time="0.0" />
  <testcase classname="ToDoListTest" name="testRemoveTask" time="0.0" />
  <system-out><![CDATA[]]></system-out>
  <system-err><![CDATA[]]></system-err>
</testsuite>
